{"C:\\Users\\Judy\\Documents\\Fashion Design API\\validation\\showValidation.js": {"path":"C:\\Users\\Judy\\Documents\\Fashion Design API\\validation\\showValidation.js","statementMap":{"0":{"start":{"line":1,"column":35},"end":{"line":1,"column":63}},"1":{"start":{"line":3,"column":18},"end":{"line":24,"column":1}},"2":{"start":{"line":26,"column":21},"end":{"line":32,"column":1}},"3":{"start":{"line":27,"column":19},"end":{"line":27,"column":40}},"4":{"start":{"line":28,"column":4},"end":{"line":30,"column":5}},"5":{"start":{"line":29,"column":8},"end":{"line":29,"column":80}},"6":{"start":{"line":31,"column":4},"end":{"line":31,"column":11}},"7":{"start":{"line":34,"column":0},"end":{"line":34,"column":45}}},"fnMap":{"0":{"name":"(anonymous_0)","decl":{"start":{"line":26,"column":21},"end":{"line":26,"column":22}},"loc":{"start":{"line":26,"column":41},"end":{"line":32,"column":1}},"line":26}},"branchMap":{"0":{"loc":{"start":{"line":28,"column":4},"end":{"line":30,"column":5}},"type":"if","locations":[{"start":{"line":28,"column":4},"end":{"line":30,"column":5}},{"start":{},"end":{}}],"line":28}},"s":{"0":1,"1":1,"2":1,"3":4,"4":4,"5":3,"6":1,"7":1},"f":{"0":4},"b":{"0":[3,1]},"_coverageSchema":"1a1c01bbd47fc00a2c39e90264f33305004495a9","hash":"c97891319c7a652dba4700695ee6740481034a18"}
}
