{"C:\\Users\\Judy\\Documents\\Fashion Design API\\controllers\\showsController.js": {"path":"C:\\Users\\Judy\\Documents\\Fashion Design API\\controllers\\showsController.js","statementMap":{"0":{"start":{"line":1,"column":17},"end":{"line":1,"column":48}},"1":{"start":{"line":2,"column":24},"end":{"line":2,"column":61}},"2":{"start":{"line":4,"column":20},"end":{"line":12,"column":1}},"3":{"start":{"line":6,"column":4},"end":{"line":11,"column":5}},"4":{"start":{"line":7,"column":22},"end":{"line":7,"column":39}},"5":{"start":{"line":8,"column":8},"end":{"line":8,"column":36}},"6":{"start":{"line":10,"column":8},"end":{"line":10,"column":55}},"7":{"start":{"line":14,"column":20},"end":{"line":45,"column":1}},"8":{"start":{"line":31,"column":4},"end":{"line":44,"column":5}},"9":{"start":{"line":32,"column":71},"end":{"line":32,"column":79}},"10":{"start":{"line":35,"column":27},"end":{"line":35,"column":66}},"11":{"start":{"line":36,"column":8},"end":{"line":38,"column":9}},"12":{"start":{"line":37,"column":12},"end":{"line":37,"column":75}},"13":{"start":{"line":39,"column":21},"end":{"line":39,"column":39}},"14":{"start":{"line":40,"column":8},"end":{"line":40,"column":26}},"15":{"start":{"line":41,"column":8},"end":{"line":41,"column":35}},"16":{"start":{"line":43,"column":8},"end":{"line":43,"column":55}},"17":{"start":{"line":47,"column":20},"end":{"line":57,"column":1}},"18":{"start":{"line":48,"column":19},"end":{"line":48,"column":29}},"19":{"start":{"line":50,"column":4},"end":{"line":56,"column":5}},"20":{"start":{"line":51,"column":21},"end":{"line":51,"column":69}},"21":{"start":{"line":52,"column":8},"end":{"line":52,"column":95}},"22":{"start":{"line":55,"column":8},"end":{"line":55,"column":54}},"23":{"start":{"line":59,"column":19},"end":{"line":86,"column":1}},"24":{"start":{"line":76,"column":19},"end":{"line":76,"column":29}},"25":{"start":{"line":77,"column":4},"end":{"line":85,"column":5}},"26":{"start":{"line":78,"column":21},"end":{"line":81,"column":10}},"27":{"start":{"line":82,"column":8},"end":{"line":82,"column":141}},"28":{"start":{"line":84,"column":8},"end":{"line":84,"column":56}},"29":{"start":{"line":88,"column":19},"end":{"line":100,"column":1}},"30":{"start":{"line":89,"column":19},"end":{"line":89,"column":29}},"31":{"start":{"line":90,"column":4},"end":{"line":99,"column":5}},"32":{"start":{"line":91,"column":21},"end":{"line":91,"column":53}},"33":{"start":{"line":92,"column":8},"end":{"line":96,"column":9}},"34":{"start":{"line":93,"column":12},"end":{"line":93,"column":74}},"35":{"start":{"line":95,"column":12},"end":{"line":95,"column":75}},"36":{"start":{"line":98,"column":8},"end":{"line":98,"column":56}},"37":{"start":{"line":102,"column":0},"end":{"line":102,"column":81}}},"fnMap":{"0":{"name":"(anonymous_0)","decl":{"start":{"line":4,"column":20},"end":{"line":4,"column":21}},"loc":{"start":{"line":4,"column":39},"end":{"line":12,"column":1}},"line":4},"1":{"name":"(anonymous_1)","decl":{"start":{"line":14,"column":20},"end":{"line":14,"column":21}},"loc":{"start":{"line":14,"column":39},"end":{"line":45,"column":1}},"line":14},"2":{"name":"(anonymous_2)","decl":{"start":{"line":47,"column":20},"end":{"line":47,"column":21}},"loc":{"start":{"line":47,"column":40},"end":{"line":57,"column":1}},"line":47},"3":{"name":"(anonymous_3)","decl":{"start":{"line":59,"column":19},"end":{"line":59,"column":20}},"loc":{"start":{"line":59,"column":38},"end":{"line":86,"column":1}},"line":59},"4":{"name":"(anonymous_4)","decl":{"start":{"line":88,"column":19},"end":{"line":88,"column":20}},"loc":{"start":{"line":88,"column":39},"end":{"line":100,"column":1}},"line":88}},"branchMap":{"0":{"loc":{"start":{"line":36,"column":8},"end":{"line":38,"column":9}},"type":"if","locations":[{"start":{"line":36,"column":8},"end":{"line":38,"column":9}},{"start":{},"end":{}}],"line":36},"1":{"loc":{"start":{"line":52,"column":8},"end":{"line":52,"column":94}},"type":"cond-expr","locations":[{"start":{"line":52,"column":15},"end":{"line":52,"column":41}},{"start":{"line":52,"column":44},"end":{"line":52,"column":94}}],"line":52},"2":{"loc":{"start":{"line":82,"column":8},"end":{"line":82,"column":140}},"type":"cond-expr","locations":[{"start":{"line":82,"column":15},"end":{"line":82,"column":77}},{"start":{"line":82,"column":80},"end":{"line":82,"column":140}}],"line":82},"3":{"loc":{"start":{"line":92,"column":8},"end":{"line":96,"column":9}},"type":"if","locations":[{"start":{"line":92,"column":8},"end":{"line":96,"column":9}},{"start":{"line":94,"column":14},"end":{"line":96,"column":9}}],"line":92}},"s":{"0":1,"1":1,"2":1,"3":2,"4":2,"5":1,"6":1,"7":1,"8":2,"9":2,"10":2,"11":2,"12":1,"13":1,"14":1,"15":1,"16":0,"17":1,"18":2,"19":2,"20":2,"21":2,"22":0,"23":1,"24":2,"25":2,"26":2,"27":2,"28":0,"29":1,"30":2,"31":2,"32":2,"33":2,"34":1,"35":1,"36":0,"37":1},"f":{"0":2,"1":2,"2":2,"3":2,"4":2},"b":{"0":[1,1],"1":[1,1],"2":[1,1],"3":[1,1]},"_coverageSchema":"1a1c01bbd47fc00a2c39e90264f33305004495a9","hash":"10ee03046036daa9770cf1fb885f33677b1bbbee"}
}
