TN:
SF:controllers\showsController.js
FN:4,(anonymous_0)
FN:14,(anonymous_1)
FN:47,(anonymous_2)
FN:59,(anonymous_3)
FN:88,(anonymous_4)
FNF:5
FNH:5
FNDA:2,(anonymous_0)
FNDA:2,(anonymous_1)
FNDA:2,(anonymous_2)
FNDA:2,(anonymous_3)
FNDA:2,(anonymous_4)
DA:1,1
DA:2,1
DA:4,1
DA:6,2
DA:7,2
DA:8,1
DA:10,1
DA:14,1
DA:31,2
DA:32,2
DA:35,2
DA:36,2
DA:37,1
DA:39,1
DA:40,1
DA:41,1
DA:43,0
DA:47,1
DA:48,2
DA:50,2
DA:51,2
DA:52,2
DA:55,0
DA:59,1
DA:76,2
DA:77,2
DA:78,2
DA:82,2
DA:84,0
DA:88,1
DA:89,2
DA:90,2
DA:91,2
DA:92,2
DA:93,1
DA:95,1
DA:98,0
DA:102,1
LF:38
LH:34
BRDA:36,0,0,1
BRDA:36,0,1,1
BRDA:52,1,0,1
BRDA:52,1,1,1
BRDA:82,2,0,1
BRDA:82,2,1,1
BRDA:92,3,0,1
BRDA:92,3,1,1
BRF:8
BRH:8
end_of_record
